<?xml version="1.0" encoding="utf-8" standalone="no"?>
<!--This file represents the results of running a test suite-->
<test-results name="d:\code\oss\MassTransit-AzureServiceBus\src\MassTransit.Async.Tests\bin\Release\MassTransit.Async.Tests.dll" total="60" errors="0" failures="30" not-run="6" inconclusive="0" ignored="0" skipped="0" invalid="6" date="2012-03-21" time="19:35:47">
  <environment nunit-version="2.5.9.10348" clr-version="2.0.50727.5448" os-version="Microsoft Windows NT 6.1.7601 Service Pack 1" platform="Win32NT" cwd="d:\code\oss\MassTransit-AzureServiceBus" machine-name="ISOMORPHISM" user="xyz" user-domain="isomorphism" />
  <culture-info current-culture="sv-SE" current-uiculture="en-US" />
  <test-suite type="Test Project" name="" executed="True" result="Failure" success="False" time="4.558" asserts="0">
    <results>
      <test-suite type="SetUpFixture" name="d:\code\oss\MassTransit-AzureServiceBus\src\MassTransit.Async.Tests\bin\Release\MassTransit.Async.Tests.dll" executed="True" result="Success" success="True" time="1.598" asserts="0">
        <results>
          <test-suite type="TestFixture" name="FaultPoliciesTests" executed="True" result="Success" success="True" time="0.702" asserts="0">
            <results>
              <test-case name="FaultPoliciesTests.NoRetry():bind should be called once and then never again" executed="True" result="Success" success="True" time="0.176" asserts="2" />
              <test-case name="FaultPoliciesTests.Retry(1):bind should be called twice and then never again" executed="True" result="Success" success="True" time="0.401" asserts="2" />
              <test-case name="FaultPoliciesTests.Retry(1):tryWith,bind with failure in both 'try' and 'with' expressions; should call twice for each (retry once for each)." executed="True" result="Success" success="True" time="0.011" asserts="1" />
              <test-case name="FaultPoliciesTests.Retry(1):tryWith,bind with tryWith and delay binding, should call twice (one retry). Exception from both." executed="True" result="Success" success="True" time="0.004" asserts="2" />
              <test-case name="FaultPoliciesTests.Retry(1):tryWith,delay,bind should call twice (one retry). Exception from try-branch." executed="True" result="Success" success="True" time="0.004" asserts="1" />
              <test-case name="FaultPoliciesTests.Retry(1, Effect):bind Effect should be called at least once" executed="True" result="Success" success="True" time="0.012" asserts="3" />
              <test-case name="FaultPoliciesTests.Retry(2):bind should be called thrice (two retries) and then never again" executed="True" result="Success" success="True" time="0.003" asserts="2" />
              <test-case name="FaultPoliciesTests.Retry(2):returnFrom should be called thrice (two retries)" executed="True" result="Success" success="True" time="0.033" asserts="2" />
              <test-case name="FaultPoliciesTests.Using disposes correctly" executed="True" result="Success" success="True" time="0.014" asserts="2" />
              <test-case name="FaultPoliciesTests.Using disposes correctly with tryWith" executed="True" result="Success" success="True" time="0.007" asserts="2" />
            </results>
          </test-suite>
          <test-suite type="TestFixture" name="TransientFaults" executed="True" result="Success" success="True" time="0.085" asserts="0">
            <results>
              <test-case name="TransientFaults.composing two policies will retry a single policy says so (retry first)" executed="True" result="Success" success="True" time="0.011" asserts="2" />
              <test-case name="TransientFaults.composing two policies will retry a single policy says so (retry last)" executed="True" result="Success" success="True" time="0.003" asserts="2" />
              <test-case name="TransientFaults.each consecutive number in expback should be at least twice previous" executed="True" result="Success" success="True" time="0.064" asserts="13" />
            </results>
          </test-suite>
        </results>
      </test-suite>
      <test-suite type="Assembly" name="d:\code\oss\MassTransit-AzureServiceBus\src\MassTransit.Transports.AzureServiceBus.Tests\bin\Release\MassTransit.Transports.AzureServiceBus.Tests.dll" executed="True" result="Failure" success="False" time="2.455" asserts="0">
        <results>
          <test-suite type="Namespace" name="MassTransit" executed="True" result="Failure" success="False" time="2.428" asserts="0">
            <results>
              <test-suite type="Namespace" name="Transports" executed="True" result="Failure" success="False" time="2.411" asserts="0">
                <results>
                  <test-suite type="Namespace" name="AzureServiceBus" executed="True" result="Failure" success="False" time="2.391" asserts="0">
                    <results>
                      <test-suite type="SetUpFixture" name="Tests" executed="True" result="Failure" success="False" time="2.387" asserts="0">
                        <results>
                          <test-suite type="TestFixture" name="Azure_management_impl_spec" executed="True" result="Error" success="False" time="0.539" asserts="0">
                            <categories>
                              <category name="Integration" />
                            </categories>
                            <failure>
                              <message><![CDATA[SetUp : System.ArgumentException : Parameter issuerSecret cannot be null or empty.
Parameter name: issuerSecret]]></message>
                              <stack-trace><![CDATA[at Microsoft.ServiceBus.SharedSecretTokenProvider..ctor(String issuerName, Byte[] issuerSecret)
at MassTransit.Transports.AzureServiceBus.AzureServiceBusEndpointAddressImpl..ctor(Data data, AddressType addressType) in d:\code\oss\MassTransit-AzureServiceBus\src\MassTransit.Transports.AzureServiceBus\AzureServiceBusEndpointAddressImpl.cs:line 55
at MassTransit.Transports.AzureServiceBus.AzureServiceBusEndpointAddressImpl.Parse(Uri uri) in d:\code\oss\MassTransit-AzureServiceBus\src\MassTransit.Transports.AzureServiceBus\AzureServiceBusEndpointAddressImpl.cs:line 183
at MassTransit.Transports.AzureServiceBus.Tests.Azure_management_impl_spec.management_purges_queue() in d:\code\oss\MassTransit-AzureServiceBus\src\MassTransit.Transports.AzureServiceBus.Tests\Azure_management_impl_spec.cs:line 17
]]></stack-trace>
                            </failure>
                            <results>
                              <test-case name="MassTransit.Transports.AzureServiceBus.Tests.Azure_management_impl_spec.it_exists_afterwards" executed="True" result="Failure" success="False" time="0.000" asserts="0">
                                <failure>
                                  <message><![CDATA[TestFixtureSetUp failed in Azure_management_impl_spec]]></message>
                                  <stack-trace />
                                </failure>
                              </test-case>
                            </results>
                          </test-suite>
                          <test-suite type="TestFixture" name="Credentials_impl_spec" executed="True" result="Success" success="True" time="0.044" asserts="0">
                            <results>
                              <test-case name="MassTransit.Transports.AzureServiceBus.Tests.Credentials_impl_spec.should_have_correct_app" executed="True" result="Success" success="True" time="0.025" asserts="1" />
                              <test-case name="MassTransit.Transports.AzureServiceBus.Tests.Credentials_impl_spec.should_have_correct_issuer_name" executed="True" result="Success" success="True" time="0.000" asserts="1" />
                              <test-case name="MassTransit.Transports.AzureServiceBus.Tests.Credentials_impl_spec.should_have_correct_key" executed="True" result="Success" success="True" time="0.001" asserts="1" />
                              <test-case name="MassTransit.Transports.AzureServiceBus.Tests.Credentials_impl_spec.should_have_correct_ns" executed="True" result="Success" success="True" time="0.000" asserts="1" />
                            </results>
                          </test-suite>
                          <test-suite type="TestFixture" name="Handler_test_factory_contract" description="This test verifies that one can use the testing framework with Azure Service Bus infrastructure" executed="False" result="NotRunnable">
                            <categories>
                              <category name="Chris - you're needed" />
                            </categories>
                            <reason>
                              <message><![CDATA[Category name must not contain ',', '!', '+' or '-']]></message>
                            </reason>
                            <results>
                              <test-case name="MassTransit.Transports.AzureServiceBus.Tests.Handler_test_factory_contract.Should_have_received_a_message_of_type_a" executed="False" result="NotRunnable">
                                <reason>
                                  <message><![CDATA[Category name must not contain ',', '!', '+' or '-']]></message>
                                </reason>
                              </test-case>
                              <test-case name="MassTransit.Transports.AzureServiceBus.Tests.Handler_test_factory_contract.Should_have_sent_a_message_of_type_a" executed="False" result="NotRunnable">
                                <reason>
                                  <message><![CDATA[Category name must not contain ',', '!', '+' or '-']]></message>
                                </reason>
                              </test-case>
                              <test-case name="MassTransit.Transports.AzureServiceBus.Tests.Handler_test_factory_contract.Should_have_sent_a_message_of_type_b" executed="False" result="NotRunnable">
                                <reason>
                                  <message><![CDATA[Category name must not contain ',', '!', '+' or '-']]></message>
                                </reason>
                              </test-case>
                              <test-case name="MassTransit.Transports.AzureServiceBus.Tests.Handler_test_factory_contract.Should_have_skipped_a_message_of_type_b" executed="False" result="NotRunnable">
                                <reason>
                                  <message><![CDATA[Category name must not contain ',', '!', '+' or '-']]></message>
                                </reason>
                              </test-case>
                              <test-case name="MassTransit.Transports.AzureServiceBus.Tests.Handler_test_factory_contract.Should_not_have_skipped_a_message_of_type_a" executed="False" result="NotRunnable">
                                <reason>
                                  <message><![CDATA[Category name must not contain ',', '!', '+' or '-']]></message>
                                </reason>
                              </test-case>
                              <test-case name="MassTransit.Transports.AzureServiceBus.Tests.Handler_test_factory_contract.Should_support_a_simple_handler" executed="False" result="NotRunnable">
                                <reason>
                                  <message><![CDATA[Category name must not contain ',', '!', '+' or '-']]></message>
                                </reason>
                              </test-case>
                            </results>
                          </test-suite>
                          <test-suite type="TestFixture" name="Inbound_transport_bound_management_spec" executed="True" result="Error" success="False" time="0.652" asserts="0">
                            <failure>
                              <message><![CDATA[SetUp : System.ArgumentException : Parameter issuerSecret cannot be null or empty.
Parameter name: issuerSecret]]></message>
                              <stack-trace><![CDATA[at Microsoft.ServiceBus.SharedSecretTokenProvider..ctor(String issuerName, Byte[] issuerSecret)
at MassTransit.Transports.AzureServiceBus.AzureServiceBusEndpointAddressImpl..ctor(Data data, AddressType addressType) in d:\code\oss\MassTransit-AzureServiceBus\src\MassTransit.Transports.AzureServiceBus\AzureServiceBusEndpointAddressImpl.cs:line 55
at MassTransit.Transports.AzureServiceBus.AzureServiceBusEndpointAddressImpl.Parse(Uri uri) in d:\code\oss\MassTransit-AzureServiceBus\src\MassTransit.Transports.AzureServiceBus\AzureServiceBusEndpointAddressImpl.cs:line 183
at MassTransit.Transports.AzureServiceBus.Tests.Inbound_transport_bound_management_spec.an_inbound_transport_with_purge_set() in d:\code\oss\MassTransit-AzureServiceBus\src\MassTransit.Transports.AzureServiceBus.Tests\Inbound_transport_bound_management_spec.cs:line 39
]]></stack-trace>
                            </failure>
                            <results>
                              <test-case name="MassTransit.Transports.AzureServiceBus.Tests.Inbound_transport_bound_management_spec.handler_binding_should_have_bound" executed="True" result="Failure" success="False" time="0.000" asserts="0">
                                <failure>
                                  <message><![CDATA[TestFixtureSetUp failed in Inbound_transport_bound_management_spec]]></message>
                                  <stack-trace />
                                </failure>
                              </test-case>
                              <test-case name="MassTransit.Transports.AzureServiceBus.Tests.Inbound_transport_bound_management_spec.should_have_called_add_binding_at_last_some_time" executed="True" result="Failure" success="False" time="0.000" asserts="0">
                                <failure>
                                  <message><![CDATA[TestFixtureSetUp failed in Inbound_transport_bound_management_spec]]></message>
                                  <stack-trace />
                                </failure>
                              </test-case>
                              <test-case name="MassTransit.Transports.AzureServiceBus.Tests.Inbound_transport_bound_management_spec.should_have_called_add_binding_with_PerConnectionReceiver_once" executed="True" result="Failure" success="False" time="0.000" asserts="0">
                                <failure>
                                  <message><![CDATA[TestFixtureSetUp failed in Inbound_transport_bound_management_spec]]></message>
                                  <stack-trace />
                                </failure>
                              </test-case>
                            </results>
                          </test-suite>
                          <test-suite type="TestFixture" name="Interop_topic_spec" executed="True" result="Error" success="False" time="0.296" asserts="0">
                            <categories>
                              <category name="Integration" />
                            </categories>
                            <failure>
                              <message><![CDATA[SetUp : System.ArgumentException : Parameter issuerSecret cannot be null or empty.
Parameter name: issuerSecret]]></message>
                              <stack-trace><![CDATA[at Microsoft.ServiceBus.SharedSecretTokenProvider..ctor(String issuerName, Byte[] issuerSecret)
at MassTransit.Transports.AzureServiceBus.Tests.Interop_topic_spec.theres_a_namespace_manager_available() in d:\code\oss\MassTransit-AzureServiceBus\src\MassTransit.Transports.AzureServiceBus.Tests\Interop_topic_spec.cs:line 19
]]></stack-trace>
                            </failure>
                            <results>
                              <test-case name="MassTransit.Transports.AzureServiceBus.Tests.Interop_topic_spec.app_fabric_service_bus_accepts_these_names(MassTransit.Transports.AzureServiceBus.Tests.NameDoubleGeneric`2[MassTransit.Transports.AzureServiceBus.Tests.NameGeneric`1[System.Double],MassTransit.Transports.AzureServiceBus.Tests.NameEasy])" executed="True" result="Failure" success="False" time="0.000" asserts="0">
                                <failure>
                                  <message><![CDATA[TestFixtureSetUp failed in Interop_topic_spec]]></message>
                                  <stack-trace />
                                </failure>
                              </test-case>
                              <test-case name="MassTransit.Transports.AzureServiceBus.Tests.Interop_topic_spec.app_fabric_service_bus_accepts_these_names(MassTransit.Transports.AzureServiceBus.Tests.Interop_topic_spec+Nested)" executed="True" result="Failure" success="False" time="0.000" asserts="0">
                                <failure>
                                  <message><![CDATA[TestFixtureSetUp failed in Interop_topic_spec]]></message>
                                  <stack-trace />
                                </failure>
                              </test-case>
                              <test-case name="MassTransit.Transports.AzureServiceBus.Tests.Interop_topic_spec.app_fabric_service_bus_accepts_these_names(MassTransit.Transports.AzureServiceBus.Tests.NameDoubleGeneric`2[System.String,MassTransit.Transports.AzureServiceBus.Tests.NameEasy])" executed="True" result="Failure" success="False" time="0.000" asserts="0">
                                <failure>
                                  <message><![CDATA[TestFixtureSetUp failed in Interop_topic_spec]]></message>
                                  <stack-trace />
                                </failure>
                              </test-case>
                              <test-case name="MassTransit.Transports.AzureServiceBus.Tests.Interop_topic_spec.app_fabric_service_bus_accepts_these_names(MassTransit.Transports.AzureServiceBus.Tests.NameGeneric`1[System.String])" executed="True" result="Failure" success="False" time="0.000" asserts="0">
                                <failure>
                                  <message><![CDATA[TestFixtureSetUp failed in Interop_topic_spec]]></message>
                                  <stack-trace />
                                </failure>
                              </test-case>
                              <test-case name="MassTransit.Transports.AzureServiceBus.Tests.Interop_topic_spec.app_fabric_service_bus_accepts_these_names(MassTransit.Transports.AzureServiceBus.Tests.NameEasy)" executed="True" result="Failure" success="False" time="0.000" asserts="0">
                                <failure>
                                  <message><![CDATA[TestFixtureSetUp failed in Interop_topic_spec]]></message>
                                  <stack-trace />
                                </failure>
                              </test-case>
                              <test-case name="MassTransit.Transports.AzureServiceBus.Tests.Interop_topic_spec.app_fabric_service_bus_accepts_these_names(MassTransit.Transports.AzureServiceBus.Tests.NameEasyToo)" executed="True" result="Failure" success="False" time="0.000" asserts="0">
                                <failure>
                                  <message><![CDATA[TestFixtureSetUp failed in Interop_topic_spec]]></message>
                                  <stack-trace />
                                </failure>
                              </test-case>
                              <test-suite type="ParameterizedTest" name="app_fabric_service_bus_accepts_these_names" executed="True" result="Failure" success="False" time="0.000" asserts="0" />
                            </results>
                          </test-suite>
                          <test-suite type="TestFixture" name="Message_name_spec" executed="True" result="Success" success="True" time="0.029" asserts="0">
                            <results>
                              <test-case name="MassTransit.Transports.AzureServiceBus.Tests.Message_name_spec.Should_handle_a_closed_double_generic" executed="True" result="Success" success="True" time="0.007" asserts="1" />
                              <test-case name="MassTransit.Transports.AzureServiceBus.Tests.Message_name_spec.Should_handle_a_closed_double_generic_with_a_generic" executed="True" result="Success" success="True" time="0.001" asserts="1" />
                              <test-case name="MassTransit.Transports.AzureServiceBus.Tests.Message_name_spec.Should_handle_a_closed_single_generic" executed="True" result="Success" success="True" time="0.001" asserts="1" />
                              <test-case name="MassTransit.Transports.AzureServiceBus.Tests.Message_name_spec.Should_handle_an_interface_name" executed="True" result="Success" success="True" time="0.000" asserts="1" />
                              <test-case name="MassTransit.Transports.AzureServiceBus.Tests.Message_name_spec.Should_handle_nested_classes" executed="True" result="Success" success="True" time="0.001" asserts="1" />
                              <test-case name="MassTransit.Transports.AzureServiceBus.Tests.Message_name_spec.Should_handle_regular_classes" executed="True" result="Success" success="True" time="0.001" asserts="1" />
                              <test-case name="MassTransit.Transports.AzureServiceBus.Tests.Message_name_spec.Should_throw_an_exception_on_an_open_generic_class_name" executed="True" result="Success" success="True" time="0.004" asserts="1" />
                            </results>
                          </test-suite>
                          <test-suite type="TestFixture" name="Point_to_point_spec" description="Validates the simplest possible behaviour; sending a message to a known receiver." executed="True" result="Error" success="False" time="0.529" asserts="0">
                            <categories>
                              <category name="Integration" />
                            </categories>
                            <failure>
                              <message><![CDATA[SetUp : MassTransit.Exceptions.ConfigurationException : An exception was thrown during service bus creation
  ----> MassTransit.Exceptions.EndpointException : azure-sb://owner:@mt/rat_hole => Failed to create endpoint
  ----> MassTransit.Exceptions.EndpointException : azure-sb://owner:@mt/rat_hole => Failed to create endpoint
  ----> System.ArgumentException : Parameter issuerSecret cannot be null or empty.
Parameter name: issuerSecret]]></message>
                              <stack-trace><![CDATA[at MassTransit.ServiceBusFactory.New(Action`1 configure) in d:\BuildAgent-02\work\8fab709a896d7017\src\MassTransit\Configuration\ServiceBusFactory.cs:line 50
at MassTransit.TestFramework.Fixtures.EndpointTestFixture`1.SetupServiceBus(Uri uri, Action`1 configure) in d:\BuildAgent-02\work\8fab709a896d7017\src\MassTransit.TestFramework\Fixtures\EndpointTestFixture.cs:line 189
at MassTransit.TestFramework.Fixtures.TwoBusTestFixture`1.TwoBusTestFixtureSetup() in d:\BuildAgent-02\work\8fab709a896d7017\src\MassTransit.TestFramework\Fixtures\TwoBusTestFixture.cs:line 40
--EndpointException
at MassTransit.Transports.EndpointFactory.CreateEndpoint(Uri uri) in d:\BuildAgent-02\work\8fab709a896d7017\src\MassTransit\Transports\EndpointFactory.cs:line 77
at Magnum.Threading.ReaderWriterLockedDictionary`2.<>c__DisplayClassb.<Retrieve>b__a(Dictionary`2 x) in d:\Builds\MassTransit-Magnum\src\Magnum\Threading\ReaderWriterLockedDictionary.cs:line 82
at Magnum.Threading.ReaderWriterLockContext.WriteLock[V](Func`2 action) in d:\Builds\MassTransit-Magnum\src\Magnum\Threading\ReaderWriterLockContext.cs:line 165
at MassTransit.Transports.EndpointCache.GetEndpoint(Uri uri) in d:\BuildAgent-02\work\8fab709a896d7017\src\MassTransit\Transports\EndpointCache.cs:line 70
at MassTransit.Builders.ServiceBusBuilderImpl.Build() in d:\BuildAgent-02\work\8fab709a896d7017\src\MassTransit\Configuration\Builders\ServiceBusBuilderImpl.cs:line 53
at MassTransit.BusConfigurators.ServiceBusConfiguratorImpl.CreateServiceBus() in d:\BuildAgent-02\work\8fab709a896d7017\src\MassTransit\Configuration\BusConfigurators\ServiceBusConfiguratorImpl.cs:line 166
at MassTransit.ServiceBusFactory.New(Action`1 configure) in d:\BuildAgent-02\work\8fab709a896d7017\src\MassTransit\Configuration\ServiceBusFactory.cs:line 44
--EndpointException
at MassTransit.Builders.EndpointBuilderImpl.CreateEndpoint(ITransportFactory transportFactory) in d:\BuildAgent-02\work\8fab709a896d7017\src\MassTransit\Configuration\Builders\EndpointBuilderImpl.cs:line 60
at MassTransit.Transports.EndpointFactory.CreateEndpoint(Uri uri) in d:\BuildAgent-02\work\8fab709a896d7017\src\MassTransit\Transports\EndpointFactory.cs:line 68
--ArgumentException
at Microsoft.ServiceBus.SharedSecretTokenProvider..ctor(String issuerName, Byte[] issuerSecret)
at MassTransit.Transports.AzureServiceBus.AzureServiceBusEndpointAddressImpl..ctor(Data data, AddressType addressType) in d:\code\oss\MassTransit-AzureServiceBus\src\MassTransit.Transports.AzureServiceBus\AzureServiceBusEndpointAddressImpl.cs:line 55
at MassTransit.Transports.AzureServiceBus.TransportFactoryImpl.<>c__DisplayClassb.<BuildError>b__a() in d:\code\oss\MassTransit-AzureServiceBus\src\MassTransit.Transports.AzureServiceBus\TransportFactoryImpl.cs:line 88
at Magnum.Threading.ReaderWriterLockedDictionary`2.<>c__DisplayClassb.<Retrieve>b__a(Dictionary`2 x) in d:\Builds\MassTransit-Magnum\src\Magnum\Threading\ReaderWriterLockedDictionary.cs:line 82
at Magnum.Threading.ReaderWriterLockContext.WriteLock[V](Func`2 action) in d:\Builds\MassTransit-Magnum\src\Magnum\Threading\ReaderWriterLockContext.cs:line 165
at MassTransit.Transports.AzureServiceBus.TransportFactoryImpl.BuildError(ITransportSettings settings) in d:\code\oss\MassTransit-AzureServiceBus\src\MassTransit.Transports.AzureServiceBus\TransportFactoryImpl.cs:line 88
at MassTransit.Builders.EndpointBuilderImpl.CreateEndpoint(ITransportFactory transportFactory) in d:\BuildAgent-02\work\8fab709a896d7017\src\MassTransit\Configuration\Builders\EndpointBuilderImpl.cs:line 50
]]></stack-trace>
                            </failure>
                            <results>
                              <test-case name="MassTransit.Transports.AzureServiceBus.Tests.Point_to_point_spec.the_rat_got_eaten" executed="True" result="Failure" success="False" time="0.000" asserts="0">
                                <failure>
                                  <message><![CDATA[TestFixtureSetUp failed in Point_to_point_spec]]></message>
                                  <stack-trace />
                                </failure>
                              </test-case>
                            </results>
                          </test-suite>
                          <test-suite type="TestFixture" name="Pre_shared_key_credentials_transformations_spec" executed="True" result="Success" success="True" time="0.030" asserts="0">
                            <results>
                              <test-suite type="ParameterizedTest" name="can_build_uri_different_app" executed="True" result="Success" success="True" time="0.007" asserts="0">
                                <results>
                                  <test-case name="MassTransit.Transports.AzureServiceBus.Tests.Pre_shared_key_credentials_transformations_spec.can_build_uri_different_app(MassTransit.Transports.AzureServiceBus.Tests.Framework.AccountDetails)" executed="True" result="Success" success="True" time="0.001" asserts="1" />
                                  <test-case name="MassTransit.Transports.AzureServiceBus.Tests.Pre_shared_key_credentials_transformations_spec.can_build_uri_different_app(MassTransit.Transports.AzureServiceBus.Configuration.Credentials)" executed="True" result="Success" success="True" time="0.000" asserts="1" />
                                </results>
                              </test-suite>
                              <test-suite type="ParameterizedTest" name="can_create_new_configuration_instance_with_app2" executed="True" result="Success" success="True" time="0.007" asserts="0">
                                <results>
                                  <test-case name="MassTransit.Transports.AzureServiceBus.Tests.Pre_shared_key_credentials_transformations_spec.can_create_new_configuration_instance_with_app2(MassTransit.Transports.AzureServiceBus.Tests.Framework.AccountDetails)" executed="True" result="Success" success="True" time="0.003" asserts="4" />
                                  <test-case name="MassTransit.Transports.AzureServiceBus.Tests.Pre_shared_key_credentials_transformations_spec.can_create_new_configuration_instance_with_app2(MassTransit.Transports.AzureServiceBus.Configuration.Credentials)" executed="True" result="Success" success="True" time="0.000" asserts="4" />
                                </results>
                              </test-suite>
                            </results>
                          </test-suite>
                          <test-suite type="TestFixture" name="Publish_roundtrip_spec" executed="True" result="Error" success="False" time="0.029" asserts="0">
                            <categories>
                              <category name="Integration" />
                            </categories>
                            <failure>
                              <message><![CDATA[SetUp : MassTransit.Exceptions.ConfigurationException : An exception was thrown during service bus creation
  ----> MassTransit.Exceptions.EndpointException : azure-sb://owner:@mt/test-client => Failed to create endpoint
  ----> MassTransit.Exceptions.EndpointException : azure-sb://owner:@mt/test-client => Failed to create endpoint
  ----> System.ArgumentException : Parameter issuerSecret cannot be null or empty.
Parameter name: issuerSecret]]></message>
                              <stack-trace><![CDATA[at MassTransit.ServiceBusFactory.New(Action`1 configure) in d:\BuildAgent-02\work\8fab709a896d7017\src\MassTransit\Configuration\ServiceBusFactory.cs:line 50
at MassTransit.TestFramework.Fixtures.EndpointTestFixture`1.SetupServiceBus(Uri uri, Action`1 configure) in d:\BuildAgent-02\work\8fab709a896d7017\src\MassTransit.TestFramework\Fixtures\EndpointTestFixture.cs:line 189
at MassTransit.TestFramework.Fixtures.LocalTestFixture`1.LocalTestFixtureSetup() in d:\BuildAgent-02\work\8fab709a896d7017\src\MassTransit.TestFramework\Fixtures\LocalTestFixture.cs:line 27
--EndpointException
at MassTransit.Transports.EndpointFactory.CreateEndpoint(Uri uri) in d:\BuildAgent-02\work\8fab709a896d7017\src\MassTransit\Transports\EndpointFactory.cs:line 77
at Magnum.Threading.ReaderWriterLockedDictionary`2.<>c__DisplayClassb.<Retrieve>b__a(Dictionary`2 x) in d:\Builds\MassTransit-Magnum\src\Magnum\Threading\ReaderWriterLockedDictionary.cs:line 82
at Magnum.Threading.ReaderWriterLockContext.WriteLock[V](Func`2 action) in d:\Builds\MassTransit-Magnum\src\Magnum\Threading\ReaderWriterLockContext.cs:line 165
at MassTransit.Transports.EndpointCache.GetEndpoint(Uri uri) in d:\BuildAgent-02\work\8fab709a896d7017\src\MassTransit\Transports\EndpointCache.cs:line 70
at MassTransit.Builders.ServiceBusBuilderImpl.Build() in d:\BuildAgent-02\work\8fab709a896d7017\src\MassTransit\Configuration\Builders\ServiceBusBuilderImpl.cs:line 53
at MassTransit.BusConfigurators.ServiceBusConfiguratorImpl.CreateServiceBus() in d:\BuildAgent-02\work\8fab709a896d7017\src\MassTransit\Configuration\BusConfigurators\ServiceBusConfiguratorImpl.cs:line 166
at MassTransit.ServiceBusFactory.New(Action`1 configure) in d:\BuildAgent-02\work\8fab709a896d7017\src\MassTransit\Configuration\ServiceBusFactory.cs:line 44
--EndpointException
at MassTransit.Builders.EndpointBuilderImpl.CreateEndpoint(ITransportFactory transportFactory) in d:\BuildAgent-02\work\8fab709a896d7017\src\MassTransit\Configuration\Builders\EndpointBuilderImpl.cs:line 60
at MassTransit.Transports.EndpointFactory.CreateEndpoint(Uri uri) in d:\BuildAgent-02\work\8fab709a896d7017\src\MassTransit\Transports\EndpointFactory.cs:line 68
--ArgumentException
at Microsoft.ServiceBus.SharedSecretTokenProvider..ctor(String issuerName, Byte[] issuerSecret)
at MassTransit.Transports.AzureServiceBus.AzureServiceBusEndpointAddressImpl..ctor(Data data, AddressType addressType) in d:\code\oss\MassTransit-AzureServiceBus\src\MassTransit.Transports.AzureServiceBus\AzureServiceBusEndpointAddressImpl.cs:line 55
at MassTransit.Transports.AzureServiceBus.TransportFactoryImpl.<>c__DisplayClassb.<BuildError>b__a() in d:\code\oss\MassTransit-AzureServiceBus\src\MassTransit.Transports.AzureServiceBus\TransportFactoryImpl.cs:line 88
at Magnum.Threading.ReaderWriterLockedDictionary`2.<>c__DisplayClassb.<Retrieve>b__a(Dictionary`2 x) in d:\Builds\MassTransit-Magnum\src\Magnum\Threading\ReaderWriterLockedDictionary.cs:line 82
at Magnum.Threading.ReaderWriterLockContext.WriteLock[V](Func`2 action) in d:\Builds\MassTransit-Magnum\src\Magnum\Threading\ReaderWriterLockContext.cs:line 165
at MassTransit.Transports.AzureServiceBus.TransportFactoryImpl.BuildError(ITransportSettings settings) in d:\code\oss\MassTransit-AzureServiceBus\src\MassTransit.Transports.AzureServiceBus\TransportFactoryImpl.cs:line 88
at MassTransit.Builders.EndpointBuilderImpl.CreateEndpoint(ITransportFactory transportFactory) in d:\BuildAgent-02\work\8fab709a896d7017\src\MassTransit\Configuration\Builders\EndpointBuilderImpl.cs:line 50
]]></stack-trace>
                            </failure>
                            <results>
                              <test-case name="MassTransit.Transports.AzureServiceBus.Tests.Publish_roundtrip_spec.Should_be_received_by_the_queue" executed="True" result="Failure" success="False" time="0.000" asserts="0">
                                <failure>
                                  <message><![CDATA[TestFixtureSetUp failed in Publish_roundtrip_spec]]></message>
                                  <stack-trace />
                                </failure>
                              </test-case>
                            </results>
                          </test-suite>
                          <test-suite type="TestFixture" name="When_creating_topic_address" executed="True" result="Error" success="False" time="0.022" asserts="0">
                            <failure>
                              <message><![CDATA[SetUp : System.ArgumentException : Parameter issuerSecret cannot be null or empty.
Parameter name: issuerSecret]]></message>
                              <stack-trace><![CDATA[at Microsoft.ServiceBus.SharedSecretTokenProvider..ctor(String issuerName, Byte[] issuerSecret)
at MassTransit.Transports.AzureServiceBus.AzureServiceBusEndpointAddressImpl..ctor(Data data, AddressType addressType) in d:\code\oss\MassTransit-AzureServiceBus\src\MassTransit.Transports.AzureServiceBus\AzureServiceBusEndpointAddressImpl.cs:line 55
at MassTransit.Transports.AzureServiceBus.AzureServiceBusEndpointAddressImpl.Parse(Uri uri) in d:\code\oss\MassTransit-AzureServiceBus\src\MassTransit.Transports.AzureServiceBus\AzureServiceBusEndpointAddressImpl.cs:line 183
at MassTransit.Transports.AzureServiceBus.Tests.When_creating_topic_address.a_normal_address_and_its_topic_corresponding_address() in d:\code\oss\MassTransit-AzureServiceBus\src\MassTransit.Transports.AzureServiceBus.Tests\Address_spec.cs:line 197
]]></stack-trace>
                            </failure>
                            <results>
                              <test-case name="MassTransit.Transports.AzureServiceBus.Tests.When_creating_topic_address.queue_address_has_queue_description" executed="True" result="Failure" success="False" time="0.000" asserts="0">
                                <failure>
                                  <message><![CDATA[TestFixtureSetUp failed in When_creating_topic_address]]></message>
                                  <stack-trace />
                                </failure>
                              </test-case>
                              <test-case name="MassTransit.Transports.AzureServiceBus.Tests.When_creating_topic_address.queue_address_hasnt_got_topic_description" executed="True" result="Failure" success="False" time="0.000" asserts="0">
                                <failure>
                                  <message><![CDATA[TestFixtureSetUp failed in When_creating_topic_address]]></message>
                                  <stack-trace />
                                </failure>
                              </test-case>
                              <test-case name="MassTransit.Transports.AzureServiceBus.Tests.When_creating_topic_address.topic_address_contains_topic_name" executed="True" result="Failure" success="False" time="0.000" asserts="0">
                                <failure>
                                  <message><![CDATA[TestFixtureSetUp failed in When_creating_topic_address]]></message>
                                  <stack-trace />
                                </failure>
                              </test-case>
                              <test-case name="MassTransit.Transports.AzureServiceBus.Tests.When_creating_topic_address.topic_address_got_topic_description" executed="True" result="Failure" success="False" time="0.000" asserts="0">
                                <failure>
                                  <message><![CDATA[TestFixtureSetUp failed in When_creating_topic_address]]></message>
                                  <stack-trace />
                                </failure>
                              </test-case>
                              <test-case name="MassTransit.Transports.AzureServiceBus.Tests.When_creating_topic_address.topic_address_has_same_host" executed="True" result="Failure" success="False" time="0.000" asserts="0">
                                <failure>
                                  <message><![CDATA[TestFixtureSetUp failed in When_creating_topic_address]]></message>
                                  <stack-trace />
                                </failure>
                              </test-case>
                              <test-case name="MassTransit.Transports.AzureServiceBus.Tests.When_creating_topic_address.topic_address_has_same_password" executed="True" result="Failure" success="False" time="0.000" asserts="0">
                                <failure>
                                  <message><![CDATA[TestFixtureSetUp failed in When_creating_topic_address]]></message>
                                  <stack-trace />
                                </failure>
                              </test-case>
                              <test-case name="MassTransit.Transports.AzureServiceBus.Tests.When_creating_topic_address.topic_address_hasnt_got_queue_description" executed="True" result="Failure" success="False" time="0.000" asserts="0">
                                <failure>
                                  <message><![CDATA[TestFixtureSetUp failed in When_creating_topic_address]]></message>
                                  <stack-trace />
                                </failure>
                              </test-case>
                              <test-case name="MassTransit.Transports.AzureServiceBus.Tests.When_creating_topic_address.topic_address_uri_tells_its_topic" executed="True" result="Failure" success="False" time="0.000" asserts="0">
                                <failure>
                                  <message><![CDATA[TestFixtureSetUp failed in When_creating_topic_address]]></message>
                                  <stack-trace />
                                </failure>
                              </test-case>
                            </results>
                          </test-suite>
                          <test-suite type="TestFixture" name="When_giving_faulty_address_spec" executed="True" result="Success" success="True" time="0.032" asserts="0">
                            <results>
                              <test-case name="MassTransit.Transports.AzureServiceBus.Tests.When_giving_faulty_address_spec.missing_credentials" executed="True" result="Success" success="True" time="0.021" asserts="5" />
                              <test-case name="MassTransit.Transports.AzureServiceBus.Tests.When_giving_faulty_address_spec.something_after_app_name" executed="True" result="Success" success="True" time="0.001" asserts="5" />
                            </results>
                          </test-suite>
                          <test-suite type="TestFixture" name="When_giving_full_hostname_spec" executed="True" result="Error" success="False" time="0.003" asserts="0">
                            <failure>
                              <message><![CDATA[SetUp : System.ArgumentException : Parameter issuerSecret cannot be null or empty.
Parameter name: issuerSecret]]></message>
                              <stack-trace><![CDATA[at Microsoft.ServiceBus.SharedSecretTokenProvider..ctor(String issuerName, Byte[] issuerSecret)
at MassTransit.Transports.AzureServiceBus.AzureServiceBusEndpointAddressImpl..ctor(Data data, AddressType addressType) in d:\code\oss\MassTransit-AzureServiceBus\src\MassTransit.Transports.AzureServiceBus\AzureServiceBusEndpointAddressImpl.cs:line 55
at MassTransit.Transports.AzureServiceBus.AzureServiceBusEndpointAddressImpl.Parse(Uri uri) in d:\code\oss\MassTransit-AzureServiceBus\src\MassTransit.Transports.AzureServiceBus\AzureServiceBusEndpointAddressImpl.cs:line 183
at MassTransit.Transports.AzureServiceBus.Tests.When_giving_full_hostname_spec.a_servicebusqueues_address_is_given() in d:\code\oss\MassTransit-AzureServiceBus\src\MassTransit.Transports.AzureServiceBus.Tests\Address_spec.cs:line 116
]]></stack-trace>
                            </failure>
                            <results>
                              <test-case name="MassTransit.Transports.AzureServiceBus.Tests.When_giving_full_hostname_spec.the_two_endpoints_namespace_manager_endpoints_equal" executed="True" result="Failure" success="False" time="0.000" asserts="0">
                                <failure>
                                  <message><![CDATA[TestFixtureSetUp failed in When_giving_full_hostname_spec]]></message>
                                  <stack-trace />
                                </failure>
                              </test-case>
                            </results>
                          </test-suite>
                          <test-suite type="TestFixture" name="When_parsing_application_endpoint_uri" executed="True" result="Error" success="False" time="0.022" asserts="0">
                            <failure>
                              <message><![CDATA[SetUp : System.ArgumentException : Parameter issuerSecret cannot be null or empty.
Parameter name: issuerSecret]]></message>
                              <stack-trace><![CDATA[at Microsoft.ServiceBus.SharedSecretTokenProvider..ctor(String issuerName, Byte[] issuerSecret)
at MassTransit.Transports.AzureServiceBus.AzureServiceBusEndpointAddressImpl..ctor(Data data, AddressType addressType) in d:\code\oss\MassTransit-AzureServiceBus\src\MassTransit.Transports.AzureServiceBus\AzureServiceBusEndpointAddressImpl.cs:line 55
at MassTransit.Transports.AzureServiceBus.AzureServiceBusEndpointAddressImpl.Parse(Uri uri) in d:\code\oss\MassTransit-AzureServiceBus\src\MassTransit.Transports.AzureServiceBus\AzureServiceBusEndpointAddressImpl.cs:line 183
at MassTransit.Transports.AzureServiceBus.Tests.When_parsing_application_endpoint_uri.a_servicebusqueues_address_is_given() in d:\code\oss\MassTransit-AzureServiceBus\src\MassTransit.Transports.AzureServiceBus.Tests\Address_spec.cs:line 34
]]></stack-trace>
                            </failure>
                            <results>
                              <test-case name="MassTransit.Transports.AzureServiceBus.Tests.When_parsing_application_endpoint_uri.details_should_have_correct_app_name" executed="True" result="Failure" success="False" time="0.000" asserts="0">
                                <failure>
                                  <message><![CDATA[TestFixtureSetUp failed in When_parsing_application_endpoint_uri]]></message>
                                  <stack-trace />
                                </failure>
                              </test-case>
                              <test-case name="MassTransit.Transports.AzureServiceBus.Tests.When_parsing_application_endpoint_uri.details_should_have_correct_issuer" executed="True" result="Failure" success="False" time="0.000" asserts="0">
                                <failure>
                                  <message><![CDATA[TestFixtureSetUp failed in When_parsing_application_endpoint_uri]]></message>
                                  <stack-trace />
                                </failure>
                              </test-case>
                              <test-case name="MassTransit.Transports.AzureServiceBus.Tests.When_parsing_application_endpoint_uri.details_should_have_correct_namespace" executed="True" result="Failure" success="False" time="0.000" asserts="0">
                                <failure>
                                  <message><![CDATA[TestFixtureSetUp failed in When_parsing_application_endpoint_uri]]></message>
                                  <stack-trace />
                                </failure>
                              </test-case>
                              <test-case name="MassTransit.Transports.AzureServiceBus.Tests.When_parsing_application_endpoint_uri.details_should_have_correct_shared_secret" executed="True" result="Failure" success="False" time="0.000" asserts="0">
                                <failure>
                                  <message><![CDATA[TestFixtureSetUp failed in When_parsing_application_endpoint_uri]]></message>
                                  <stack-trace />
                                </failure>
                              </test-case>
                              <test-case name="MassTransit.Transports.AzureServiceBus.Tests.When_parsing_application_endpoint_uri.messaging_factory_should_not_be_null" executed="True" result="Failure" success="False" time="0.000" asserts="0">
                                <failure>
                                  <message><![CDATA[TestFixtureSetUp failed in When_parsing_application_endpoint_uri]]></message>
                                  <stack-trace />
                                </failure>
                              </test-case>
                              <test-case name="MassTransit.Transports.AzureServiceBus.Tests.When_parsing_application_endpoint_uri.namespace_manager_should_not_be_null" executed="True" result="Failure" success="False" time="0.000" asserts="0">
                                <failure>
                                  <message><![CDATA[TestFixtureSetUp failed in When_parsing_application_endpoint_uri]]></message>
                                  <stack-trace />
                                </failure>
                              </test-case>
                              <test-case name="MassTransit.Transports.AzureServiceBus.Tests.When_parsing_application_endpoint_uri.rebuilt_uri_should_be_correct" executed="True" result="Failure" success="False" time="0.000" asserts="0">
                                <failure>
                                  <message><![CDATA[TestFixtureSetUp failed in When_parsing_application_endpoint_uri]]></message>
                                  <stack-trace />
                                </failure>
                              </test-case>
                              <test-case name="MassTransit.Transports.AzureServiceBus.Tests.When_parsing_application_endpoint_uri.token_provider_should_not_be_null" executed="True" result="Failure" success="False" time="0.000" asserts="0">
                                <failure>
                                  <message><![CDATA[TestFixtureSetUp failed in When_parsing_application_endpoint_uri]]></message>
                                  <stack-trace />
                                </failure>
                              </test-case>
                            </results>
                          </test-suite>
                          <test-suite type="TestFixture" name="When_publishing_concrete_type_and_subscribing_interface" executed="True" result="Error" success="False" time="0.010" asserts="0">
                            <categories>
                              <category name="Integration" />
                            </categories>
                            <failure>
                              <message><![CDATA[SetUp : MassTransit.Exceptions.ConfigurationException : An exception was thrown during service bus creation
  ----> MassTransit.Exceptions.EndpointException : azure-sb://owner:@mt/publisher => Failed to create endpoint
  ----> MassTransit.Exceptions.EndpointException : azure-sb://owner:@mt/publisher => Failed to create endpoint
  ----> System.ArgumentException : Parameter issuerSecret cannot be null or empty.
Parameter name: issuerSecret]]></message>
                              <stack-trace><![CDATA[at MassTransit.ServiceBusFactory.New(Action`1 configure) in d:\BuildAgent-02\work\8fab709a896d7017\src\MassTransit\Configuration\ServiceBusFactory.cs:line 50
at MassTransit.TestFramework.Fixtures.EndpointTestFixture`1.SetupServiceBus(Uri uri, Action`1 configure) in d:\BuildAgent-02\work\8fab709a896d7017\src\MassTransit.TestFramework\Fixtures\EndpointTestFixture.cs:line 189
at MassTransit.Transports.AzureServiceBus.Tests.When_publishing_concrete_type_and_subscribing_interface.a_large_rat_is_published() in d:\code\oss\MassTransit-AzureServiceBus\src\MassTransit.Transports.AzureServiceBus.Tests\Publish_spec.cs:line 49
--EndpointException
at MassTransit.Transports.EndpointFactory.CreateEndpoint(Uri uri) in d:\BuildAgent-02\work\8fab709a896d7017\src\MassTransit\Transports\EndpointFactory.cs:line 77
at Magnum.Threading.ReaderWriterLockedDictionary`2.<>c__DisplayClassb.<Retrieve>b__a(Dictionary`2 x) in d:\Builds\MassTransit-Magnum\src\Magnum\Threading\ReaderWriterLockedDictionary.cs:line 82
at Magnum.Threading.ReaderWriterLockContext.WriteLock[V](Func`2 action) in d:\Builds\MassTransit-Magnum\src\Magnum\Threading\ReaderWriterLockContext.cs:line 165
at MassTransit.Transports.EndpointCache.GetEndpoint(Uri uri) in d:\BuildAgent-02\work\8fab709a896d7017\src\MassTransit\Transports\EndpointCache.cs:line 70
at MassTransit.Builders.ServiceBusBuilderImpl.Build() in d:\BuildAgent-02\work\8fab709a896d7017\src\MassTransit\Configuration\Builders\ServiceBusBuilderImpl.cs:line 53
at MassTransit.BusConfigurators.ServiceBusConfiguratorImpl.CreateServiceBus() in d:\BuildAgent-02\work\8fab709a896d7017\src\MassTransit\Configuration\BusConfigurators\ServiceBusConfiguratorImpl.cs:line 166
at MassTransit.ServiceBusFactory.New(Action`1 configure) in d:\BuildAgent-02\work\8fab709a896d7017\src\MassTransit\Configuration\ServiceBusFactory.cs:line 44
--EndpointException
at MassTransit.Builders.EndpointBuilderImpl.CreateEndpoint(ITransportFactory transportFactory) in d:\BuildAgent-02\work\8fab709a896d7017\src\MassTransit\Configuration\Builders\EndpointBuilderImpl.cs:line 60
at MassTransit.Transports.EndpointFactory.CreateEndpoint(Uri uri) in d:\BuildAgent-02\work\8fab709a896d7017\src\MassTransit\Transports\EndpointFactory.cs:line 68
--ArgumentException
at Microsoft.ServiceBus.SharedSecretTokenProvider..ctor(String issuerName, Byte[] issuerSecret)
at MassTransit.Transports.AzureServiceBus.AzureServiceBusEndpointAddressImpl..ctor(Data data, AddressType addressType) in d:\code\oss\MassTransit-AzureServiceBus\src\MassTransit.Transports.AzureServiceBus\AzureServiceBusEndpointAddressImpl.cs:line 55
at MassTransit.Transports.AzureServiceBus.TransportFactoryImpl.<>c__DisplayClassb.<BuildError>b__a() in d:\code\oss\MassTransit-AzureServiceBus\src\MassTransit.Transports.AzureServiceBus\TransportFactoryImpl.cs:line 88
at Magnum.Threading.ReaderWriterLockedDictionary`2.<>c__DisplayClassb.<Retrieve>b__a(Dictionary`2 x) in d:\Builds\MassTransit-Magnum\src\Magnum\Threading\ReaderWriterLockedDictionary.cs:line 82
at Magnum.Threading.ReaderWriterLockContext.WriteLock[V](Func`2 action) in d:\Builds\MassTransit-Magnum\src\Magnum\Threading\ReaderWriterLockContext.cs:line 165
at MassTransit.Transports.AzureServiceBus.TransportFactoryImpl.BuildError(ITransportSettings settings) in d:\code\oss\MassTransit-AzureServiceBus\src\MassTransit.Transports.AzureServiceBus\TransportFactoryImpl.cs:line 88
at MassTransit.Builders.EndpointBuilderImpl.CreateEndpoint(ITransportFactory transportFactory) in d:\BuildAgent-02\work\8fab709a896d7017\src\MassTransit\Configuration\Builders\EndpointBuilderImpl.cs:line 50
]]></stack-trace>
                            </failure>
                            <results>
                              <test-case name="MassTransit.Transports.AzureServiceBus.Tests.When_publishing_concrete_type_and_subscribing_interface.cat_ate_rat" executed="True" result="Failure" success="False" time="0.000" asserts="0">
                                <failure>
                                  <message><![CDATA[TestFixtureSetUp failed in When_publishing_concrete_type_and_subscribing_interface]]></message>
                                  <stack-trace />
                                </failure>
                              </test-case>
                            </results>
                          </test-suite>
                        </results>
                      </test-suite>
                    </results>
                  </test-suite>
                </results>
              </test-suite>
            </results>
          </test-suite>
        </results>
      </test-suite>
    </results>
  </test-suite>
</test-results>